Build started 2017-01-06 12:03:49 PM.
     1>Project "D:\compiler\compiler\compiler.vcxproj" on node 2 (build target(s)).
     1>InitializeBuildStatus:
         Creating "Debug\compiler.unsuccessfulbuild" because "AlwaysCreate" was specified.
       ClCompile:
         c:\Program Files (x86)\Microsoft Visual Studio 10.0\VC\bin\CL.exe /c /ZI /nologo /W3 /WX- /Od /Oy- /D WIN32 /D _DEBUG /D _CONSOLE /D _UNICODE /D UNICODE /Gm /EHsc /RTC1 /MDd /GS /fp:precise /Zc:wchar_t /Zc:forScope /Fo"Debug\\" /Fd"Debug\vc100.pdb" /Gd /TP /analyze- /errorReport:prompt main.cpp
         main.cpp
     1>d:\compiler\compiler\syntaxanalyzer13.h(2392): warning C4018: '<' : signed/unsigned mismatch
     1>d:\compiler\compiler\syntaxanalyzer13.h(2408): warning C4018: '<' : signed/unsigned mismatch
     1>d:\compiler\compiler\syntaxanalyzer13.h(2507): warning C4018: '<' : signed/unsigned mismatch
     1>d:\compiler\compiler\optimizer.h(89): warning C4018: '<' : signed/unsigned mismatch
     1>d:\compiler\compiler\syntaxanalyzer13.h(493): warning C4715: 'isVarDefinition' : not all control paths return a value
     1>d:\compiler\compiler\syntaxanalyzer13.h(1403): warning C4715: 'isFactor' : not all control paths return a value
     1>d:\compiler\compiler\syntaxanalyzer13.h(2087): warning C4715: 'isCaseStatement' : not all control paths return a value
     1>d:\compiler\compiler\syntaxanalyzer13.h(2549): warning C4715: 'isReadStatement' : not all control paths return a value
     1>d:\compiler\compiler\syntaxanalyzer13.h(2686): warning C4715: 'isWrtStatement' : not all control paths return a value
       ManifestResourceCompile:
         All outputs are up-to-date.
       Link:
         c:\Program Files (x86)\Microsoft Visual Studio 10.0\VC\bin\link.exe /ERRORREPORT:PROMPT /OUT:"D:\compiler\Debug\compiler.exe" /INCREMENTAL /NOLOGO kernel32.lib user32.lib gdi32.lib winspool.lib comdlg32.lib advapi32.lib shell32.lib ole32.lib oleaut32.lib uuid.lib odbc32.lib odbccp32.lib /MANIFEST /ManifestFile:"Debug\compiler.exe.intermediate.manifest" /MANIFESTUAC:"level='asInvoker' uiAccess='false'" /DEBUG /PDB:"D:\compiler\Debug\compiler.pdb" /SUBSYSTEM:CONSOLE /TLBID:1 /DYNAMICBASE /NXCOMPAT /IMPLIB:"D:\compiler\Debug\compiler.lib" /MACHINE:X86 Debug\compiler.exe.embed.manifest.res
         Debug\main.obj
       Manifest:
         C:\Program Files (x86)\Microsoft SDKs\Windows\v7.0A\bin\mt.exe /nologo /verbose /out:"Debug\compiler.exe.embed.manifest" /manifest Debug\compiler.exe.intermediate.manifest
         All outputs are up-to-date.
       LinkEmbedManifest:
         All outputs are up-to-date.
         compiler.vcxproj -> D:\compiler\Debug\compiler.exe
       FinalizeBuildStatus:
         Deleting file "Debug\compiler.unsuccessfulbuild".
         Touching "Debug\compiler.lastbuildstate".
     1>Done Building Project "D:\compiler\compiler\compiler.vcxproj" (build target(s)).

Build succeeded.

Time Elapsed 00:00:05.37
