D:\compiler\compiler\Debug\cl.command.1.tlog
D:\compiler\compiler\Debug\CL.read.1.tlog
D:\compiler\compiler\Debug\CL.write.1.tlog
D:\COMPILER\COMPILER\DEBUG\COMPILER.EXE.EMBED.MANIFEST
D:\COMPILER\COMPILER\DEBUG\COMPILER.EXE.EMBED.MANIFEST.RES
D:\COMPILER\COMPILER\DEBUG\COMPILER.EXE.INTERMEDIATE.MANIFEST
D:\compiler\compiler\Debug\compiler.vcxprojResolveAssemblyReference.cache
D:\compiler\compiler\Debug\compiler.write.1.tlog
D:\compiler\compiler\Debug\compiler_manifest.rc
D:\compiler\compiler\Debug\link.12340.read.1.tlog
D:\compiler\compiler\Debug\link.12340.write.1.tlog
D:\compiler\compiler\Debug\link.12340-cvtres.read.1.tlog
D:\compiler\compiler\Debug\link.12340-cvtres.write.1.tlog
D:\compiler\compiler\Debug\link.command.1.tlog
D:\compiler\compiler\Debug\link.read.1.tlog
D:\compiler\compiler\Debug\link.write.1.tlog
D:\compiler\compiler\Debug\link-cvtres.read.1.tlog
D:\compiler\compiler\Debug\link-cvtres.write.1.tlog
D:\COMPILER\COMPILER\DEBUG\MAIN.OBJ
D:\compiler\compiler\Debug\mt.command.1.tlog
D:\compiler\compiler\Debug\mt.read.1.tlog
D:\compiler\compiler\Debug\mt.write.1.tlog
D:\compiler\compiler\Debug\rc.command.1.tlog
D:\compiler\compiler\Debug\rc.read.1.tlog
D:\compiler\compiler\Debug\rc.write.1.tlog
D:\compiler\compiler\Debug\vc100.idb
D:\COMPILER\COMPILER\DEBUG\VC100.PDB
D:\COMPILER\DEBUG\COMPILER.EXE
D:\COMPILER\DEBUG\COMPILER.ILK
D:\COMPILER\DEBUG\COMPILER.PDB
